0 info it worked if it ends with ok
1 verbose cli [ '/usr/bin/nodejs', '/usr/bin/npm', 'install', '--save' ]
2 info using npm@2.14.20
3 info using node@v4.4.1
4 verbose config Skipping project config: /home/martins/.npmrc. (matches userconfig)
5 verbose readDependencies loading dependencies from /home/martins/package.json
6 error install Couldn't read dependencies
7 verbose stack Error: ENOENT: no such file or directory, open '/home/martins/package.json'
7 verbose stack     at Error (native)
8 verbose cwd /home/martins/WebstormProjects/Periode02
9 error Linux 3.16.0-38-generic
10 error argv "/usr/bin/nodejs" "/usr/bin/npm" "install" "--save"
11 error node v4.4.1
12 error npm  v2.14.20
13 error path /home/martins/package.json
14 error code ENOPACKAGEJSON
15 error errno -2
16 error syscall open
17 error package.json ENOENT: no such file or directory, open '/home/martins/package.json'
17 error package.json This is most likely not a problem with npm itself.
17 error package.json npm can't find a package.json file in your current directory.
18 verbose exit [ -2, true ]
